[2020-09-22 06:22:27 $423.0]	INFO	Server is reloading all workers now
[2020-09-22 06:22:36 $423.0]	INFO	Server is reloading all workers now
[2020-09-22 06:22:41 $423.0]	INFO	Server is reloading all workers now
[2020-09-22 06:23:27 $423.0]	INFO	Server is reloading all workers now
[2020-09-22 06:23:43 $423.0]	INFO	Server is reloading all workers now
[2020-09-22 06:52:48 $486.0]	INFO	Server is reloading all workers now
[2020-09-22 06:53:27 $486.0]	INFO	Server is reloading all workers now
[2020-09-22 06:53:32 $486.0]	INFO	Server is reloading all workers now
[2020-09-22 06:54:48 $486.0]	INFO	Server is reloading all workers now
[2020-09-22 06:54:50 $486.0]	INFO	Server is reloading all workers now
[2020-09-22 06:54:51 $486.0]	INFO	Server is reloading all workers now
[2020-09-22 06:54:54 $486.0]	INFO	Server is reloading all workers now
[2020-09-22 06:54:58 $486.0]	INFO	Server is reloading all workers now
[2020-09-22 06:55:12 $486.0]	INFO	Server is reloading all workers now
[2020-09-22 06:55:52 $486.0]	INFO	Server is reloading all workers now
[2020-09-22 06:56:04 $486.0]	INFO	Server is reloading all workers now
[2020-09-22 06:56:57 $486.0]	INFO	Server is reloading all workers now
[2020-09-22 06:57:57 $486.0]	INFO	Server is reloading all workers now
[2020-09-22 06:58:28 $486.0]	INFO	Server is reloading all workers now
[2020-09-22 06:58:38 $486.0]	INFO	Server is reloading all workers now
[2020-09-22 06:59:12 $486.0]	INFO	Server is reloading all workers now
[2020-09-22 06:59:15 $486.0]	INFO	Server is reloading all workers now
[2020-09-22 06:59:39 $486.0]	INFO	Server is reloading all workers now
[2020-09-22 07:17:03 $679.0]	INFO	Server is reloading all workers now
[2020-09-22 07:17:09 $679.0]	INFO	Server is reloading all workers now
[2020-09-22 07:17:18 $679.0]	INFO	Server is reloading all workers now
[2020-09-22 07:17:41 $679.0]	INFO	Server is reloading all workers now
[2020-09-22 07:18:20 $679.0]	INFO	Server is reloading all workers now
[2020-09-22 07:18:25 $679.0]	INFO	Server is reloading all workers now
[2020-09-22 07:18:37 $679.0]	INFO	Server is reloading all workers now
[2020-09-22 07:18:52 $679.0]	INFO	Server is reloading all workers now
[2020-09-22 07:19:09 $679.0]	INFO	Server is reloading all workers now
[2020-09-22 07:19:24 $679.0]	INFO	Server is reloading all workers now
[2020-09-22 07:19:31 $679.0]	INFO	Server is reloading all workers now
[2020-09-22 07:20:06 $679.0]	INFO	Server is reloading all workers now
[2020-09-22 07:20:09 $679.0]	INFO	Server is reloading all workers now
[2020-09-22 07:20:28 $679.0]	INFO	Server is reloading all workers now
[2020-09-22 07:21:38 $679.0]	INFO	Server is reloading all workers now
[2020-09-22 07:29:23 $679.0]	INFO	Server is reloading all workers now
[2020-09-22 07:33:14 $679.0]	INFO	Server is reloading all workers now
[2020-09-22 07:34:28 $679.0]	INFO	Server is reloading all workers now
[2020-09-22 07:35:06 $679.0]	INFO	Server is reloading all workers now
[2020-09-22 07:35:32 $679.0]	INFO	Server is reloading all workers now
[2020-09-22 07:36:06 $679.0]	INFO	Server is reloading all workers now
[2020-09-22 07:36:33 $679.0]	INFO	Server is reloading all workers now
[2020-09-22 07:36:35 $679.0]	INFO	Server is reloading all workers now
[2020-09-22 07:36:54 $679.0]	INFO	Server is reloading all workers now
[2020-09-22 07:37:26 $679.0]	INFO	Server is reloading all workers now
[2020-09-22 07:39:15 $679.0]	INFO	Server is reloading all workers now
[2020-09-22 07:39:31 $679.0]	INFO	Server is reloading all workers now
[2020-09-22 07:39:33 $679.0]	INFO	Server is reloading all workers now
[2020-09-22 07:39:35 $679.0]	INFO	Server is reloading all workers now
[2020-09-22 07:39:37 $679.0]	INFO	Server is reloading all workers now
[2020-09-22 07:40:35 $679.0]	INFO	Server is reloading all workers now
[2020-09-22 07:42:46 $679.0]	INFO	Server is reloading all workers now
[2020-09-22 07:43:08 $679.0]	INFO	Server is reloading all workers now
[2020-09-22 07:43:22 $679.0]	INFO	Server is reloading all workers now
[2020-09-22 07:44:41 $679.0]	INFO	Server is reloading all workers now
[2020-09-22 07:48:52 $679.0]	INFO	Server is reloading all workers now
[2020-09-22 07:48:53 $679.0]	INFO	Server is reloading all workers now
[2020-09-22 07:49:04 $679.0]	INFO	Server is reloading all workers now
[2020-09-22 07:49:05 $679.0]	INFO	Server is reloading all workers now
[2020-09-22 07:53:51 $679.0]	INFO	Server is reloading all workers now
[2020-09-22 07:53:53 $679.0]	INFO	Server is reloading all workers now
[2020-09-22 07:55:21 $679.0]	INFO	Server is reloading all workers now
[2020-09-22 07:55:29 $679.0]	INFO	Server is reloading all workers now
[2020-09-22 07:56:02 $679.0]	INFO	Server is reloading all workers now
[2020-09-22 07:59:22 $679.0]	INFO	Server is reloading all workers now
[2020-09-22 07:59:38 $679.0]	INFO	Server is reloading all workers now
[2020-09-22 07:59:40 $679.0]	INFO	Server is reloading all workers now
[2020-09-22 07:59:41 $679.0]	INFO	Server is reloading all workers now
[2020-09-22 08:02:25 $679.0]	INFO	Server is reloading all workers now
[2020-09-22 08:02:33 $679.0]	INFO	Server is reloading all workers now
[2020-09-22 08:02:59 $679.0]	INFO	Server is reloading all workers now
[2020-09-22 08:03:02 $679.0]	INFO	Server is reloading all workers now
[2020-09-22 08:03:52 $679.0]	INFO	Server is reloading all workers now
[2020-09-22 08:04:31 $679.0]	INFO	Server is reloading all workers now
[2020-09-22 08:05:48 $679.0]	INFO	Server is reloading all workers now
[2020-09-22 08:38:54 $1154.0]	INFO	Server is reloading all workers now
[2020-09-22 08:43:32 $1181.0]	INFO	Server is reloading all workers now
[2020-09-22 08:47:10 $1181.0]	INFO	Server is reloading all workers now
[2020-09-22 08:52:53 $1181.0]	INFO	Server is reloading all workers now
[2020-09-22 08:53:32 $1181.0]	INFO	Server is reloading all workers now
[2020-09-22 08:53:37 $1181.0]	INFO	Server is reloading all workers now
[2020-09-22 08:53:55 $1181.0]	INFO	Server is reloading all workers now
[2020-09-22 08:54:01 $1181.0]	INFO	Server is reloading all workers now
[2020-09-22 08:54:17 $1181.0]	INFO	Server is reloading all workers now
[2020-09-22 08:57:19 $1181.0]	INFO	Server is reloading all workers now
[2020-09-22 08:57:37 $1181.0]	INFO	Server is reloading all workers now
[2020-09-22 08:57:50 $1181.0]	INFO	Server is reloading all workers now
[2020-09-22 08:58:17 $1181.0]	INFO	Server is reloading all workers now
[2020-09-22 08:59:04 $1181.0]	INFO	Server is reloading all workers now
[2020-09-22 08:59:49 $1181.0]	INFO	Server is reloading all workers now
[2020-09-22 09:00:06 $1181.0]	INFO	Server is reloading all workers now
[2020-09-22 09:00:55 $1320.0]	INFO	Server is reloading all workers now
[2020-09-22 09:03:46 $1348.0]	INFO	Server is reloading all workers now
[2020-09-24 01:54:41 $29.0]	INFO	Server is reloading all workers now
[2020-09-24 01:55:12 $29.0]	INFO	Server is reloading all workers now
[2020-09-24 01:56:17 $29.0]	INFO	Server is reloading all workers now
[2020-09-24 01:56:44 $29.0]	INFO	Server is reloading all workers now
[2020-09-24 01:56:46 $29.0]	INFO	Server is reloading all workers now
[2020-09-27 09:23:06 $29.0]	INFO	Server is reloading all workers now
[2020-09-27 09:23:22 $29.0]	INFO	Server is reloading all workers now
[2020-09-27 10:04:36 $120.0]	INFO	Server is reloading all workers now
[2020-09-27 10:05:21 $120.0]	INFO	Server is reloading all workers now
[2020-09-27 10:05:34 $120.0]	INFO	Server is reloading all workers now
[2020-09-27 10:05:45 $120.0]	INFO	Server is reloading all workers now
[2020-09-27 10:06:01 $120.0]	INFO	Server is reloading all workers now
[2020-09-27 10:06:16 $120.0]	INFO	Server is reloading all workers now
[2020-09-27 10:06:25 $120.0]	INFO	Server is reloading all workers now
[2020-09-27 10:08:02 $120.0]	INFO	Server is reloading all workers now
[2020-09-27 10:08:25 $120.0]	INFO	Server is reloading all workers now
[2020-09-27 10:08:28 $120.0]	INFO	Server is reloading all workers now
[2020-09-27 10:09:06 $120.0]	INFO	Server is reloading all workers now
[2020-09-27 10:13:45 $226.0]	INFO	Server is reloading all workers now
[2020-09-27 10:14:37 $226.0]	INFO	Server is reloading all workers now
[2020-09-27 10:18:51 $260.0]	INFO	Server is reloading all workers now
[2020-09-27 10:19:17 $260.0]	INFO	Server is reloading all workers now
[2020-09-27 10:19:34 $260.0]	INFO	Server is reloading all workers now
[2020-09-27 10:20:00 $260.0]	INFO	Server is reloading all workers now
[2020-09-27 10:20:38 $260.0]	INFO	Server is reloading all workers now
[2020-09-27 10:20:55 $260.0]	INFO	Server is reloading all workers now
[2020-09-27 10:21:48 $260.0]	INFO	Server is reloading all workers now
[2020-09-27 10:21:53 $260.0]	INFO	Server is reloading all workers now
[2020-09-27 10:25:40 $260.0]	INFO	Server is reloading all workers now
[2020-09-27 10:25:44 $260.0]	INFO	Server is reloading all workers now
[2020-09-27 10:25:52 $260.0]	INFO	Server is reloading all workers now
[2020-09-27 10:26:09 $260.0]	INFO	Server is reloading all workers now
[2020-09-27 10:26:39 *383.6]	ERROR	php_swoole_server_rshutdown (ERRNO 503): Fatal error: Allowed memory size of 134217728 bytes exhausted (tried to allocate 262144 bytes) in /data/www/App/Models/EwsUserModel.php on line 54
[2020-09-27 10:26:39 $374.0]	WARNING	swManager_check_exit_status: worker#6[pid=383] abnormal exit, status=255, signal=0
[2020-09-27 10:45:16 $393.0]	INFO	Server is reloading all workers now
[2020-09-27 10:47:32 $393.0]	INFO	Server is reloading all workers now
[2020-09-27 10:48:41 $393.0]	INFO	Server is reloading all workers now
[2020-09-27 10:48:53 $393.0]	INFO	Server is reloading all workers now
[2020-09-27 10:50:30 $393.0]	INFO	Server is reloading all workers now
[2020-09-27 10:51:06 $393.0]	INFO	Server is reloading all workers now
[2020-09-27 10:51:36 $393.0]	INFO	Server is reloading all workers now
[2020-09-27 10:51:42 $393.0]	INFO	Server is reloading all workers now
[2020-09-27 10:52:20 $475.0]	INFO	Server is reloading all workers now
[2020-09-27 10:52:49 $475.0]	INFO	Server is reloading all workers now
[2020-09-27 10:53:24 *507.5]	ERROR	php_swoole_server_rshutdown (ERRNO 503): Fatal error: Uncaught EasySwoole\ORM\Exception\Exception: SQLSTATE[HY000] [2002] Connection refused in /data/www/vendor/easyswoole/orm/src/Db/MysqlPool.php:22
Stack trace:
#0 /data/www/vendor/easyswoole/pool/src/AbstractPool.php(295): EasySwoole\ORM\Db\MysqlPool->createObject()
#1 /data/www/vendor/easyswoole/pool/src/AbstractPool.php(253): EasySwoole\Pool\AbstractPool->initObject()
#2 /data/www/vendor/easyswoole/pool/src/AbstractPool.php(227): EasySwoole\Pool\AbstractPool->keepMin(5)
#3 {main}
  thrown in /data/www/vendor/easyswoole/orm/src/Db/MysqlPool.php on line 22
[2020-09-27 10:53:24 $475.0]	WARNING	swManager_check_exit_status: worker#5[pid=507] abnormal exit, status=255, signal=0
[2020-09-27 10:54:07 $475.0]	INFO	Server is reloading all workers now
[2020-09-27 10:54:57 *526.5]	ERROR	php_swoole_server_rshutdown (ERRNO 503): Fatal error: Uncaught EasySwoole\ORM\Exception\Exception: SQLSTATE[HY000] [2002] Connection refused in /data/www/vendor/easyswoole/orm/src/Db/MysqlPool.php:22
Stack trace:
#0 /data/www/vendor/easyswoole/pool/src/AbstractPool.php(295): EasySwoole\ORM\Db\MysqlPool->createObject()
#1 /data/www/vendor/easyswoole/pool/src/AbstractPool.php(253): EasySwoole\Pool\AbstractPool->initObject()
#2 /data/www/vendor/easyswoole/pool/src/AbstractPool.php(227): EasySwoole\Pool\AbstractPool->keepMin(5)
#3 {main}
  thrown in /data/www/vendor/easyswoole/orm/src/Db/MysqlPool.php on line 22
[2020-09-27 10:54:57 $518.0]	WARNING	swManager_check_exit_status: worker#5[pid=526] abnormal exit, status=255, signal=0
[2020-09-27 10:56:55 *545.5]	ERROR	php_swoole_server_rshutdown (ERRNO 503): Fatal error: Uncaught EasySwoole\ORM\Exception\Exception: SQLSTATE[HY000] [2002] Connection refused in /data/www/vendor/easyswoole/orm/src/Db/MysqlPool.php:22
Stack trace:
#0 /data/www/vendor/easyswoole/pool/src/AbstractPool.php(295): EasySwoole\ORM\Db\MysqlPool->createObject()
#1 /data/www/vendor/easyswoole/pool/src/AbstractPool.php(253): EasySwoole\Pool\AbstractPool->initObject()
#2 /data/www/vendor/easyswoole/pool/src/AbstractPool.php(227): EasySwoole\Pool\AbstractPool->keepMin(5)
#3 {main}
  thrown in /data/www/vendor/easyswoole/orm/src/Db/MysqlPool.php on line 22
[2020-09-27 10:56:55 $537.0]	WARNING	swManager_check_exit_status: worker#5[pid=545] abnormal exit, status=255, signal=0
[2020-09-27 10:59:47 $558.0]	INFO	Server is reloading all workers now
[2020-09-28 02:16:32 $638.0]	INFO	Server is reloading all workers now
[2020-09-28 02:20:41 $638.0]	INFO	Server is reloading all workers now
[2020-09-28 02:21:49 $638.0]	INFO	Server is reloading all workers now
[2020-09-28 02:22:00 $638.0]	INFO	Server is reloading all workers now
[2020-09-28 02:25:22 $638.0]	INFO	Server is reloading all workers now
[2020-09-28 02:27:25 $638.0]	INFO	Server is reloading all workers now
[2020-09-28 02:27:45 $638.0]	INFO	Server is reloading all workers now
[2020-09-28 02:29:17 $638.0]	INFO	Server is reloading all workers now
[2020-09-28 02:29:44 $638.0]	INFO	Server is reloading all workers now
[2020-09-28 02:30:02 $638.0]	INFO	Server is reloading all workers now
[2020-09-28 02:30:52 $638.0]	INFO	Server is reloading all workers now
[2020-09-28 02:35:35 $638.0]	INFO	Server is reloading all workers now
[2020-09-28 02:48:21 $638.0]	INFO	Server is reloading all workers now
[2020-09-28 02:51:27 $638.0]	INFO	Server is reloading all workers now
[2020-09-28 02:51:48 $638.0]	INFO	Server is reloading all workers now
[2020-09-28 02:54:03 $638.0]	INFO	Server is reloading all workers now
[2020-09-28 02:54:56 $638.0]	INFO	Server is reloading all workers now
[2020-09-28 02:56:57 $638.0]	INFO	Server is reloading all workers now
[2020-09-28 02:57:50 $638.0]	INFO	Server is reloading all workers now
[2020-09-28 03:00:10 $638.0]	INFO	Server is reloading all workers now
[2020-09-28 03:00:19 $638.0]	INFO	Server is reloading all workers now
[2020-09-28 03:03:11 $638.0]	INFO	Server is reloading all workers now
[2020-09-28 03:03:13 $638.0]	INFO	Server is reloading all workers now
[2020-09-28 03:03:39 $840.0]	INFO	Server is reloading all workers now
[2020-09-28 03:06:59 $840.0]	INFO	Server is reloading all workers now
[2020-09-28 03:07:55 $840.0]	INFO	Server is reloading all workers now
[2020-09-28 03:08:22 $840.0]	INFO	Server is reloading all workers now
[2020-09-28 03:08:50 $890.0]	INFO	Server is reloading all workers now
[2020-09-28 03:09:55 $890.0]	INFO	Server is reloading all workers now
[2020-09-28 03:10:24 $890.0]	INFO	Server is reloading all workers now
[2020-09-28 03:11:14 $890.0]	INFO	Server is reloading all workers now
[2020-09-28 03:12:55 $890.0]	INFO	Server is reloading all workers now
[2020-09-28 03:13:26 $890.0]	INFO	Server is reloading all workers now
[2020-09-28 03:13:27 $890.0]	INFO	Server is reloading all workers now
[2020-09-28 03:14:15 $890.0]	INFO	Server is reloading all workers now
[2020-09-28 03:25:42 $1007.0]	INFO	Server is reloading all workers now
[2020-09-28 03:26:03 $1007.0]	INFO	Server is reloading all workers now
[2020-09-28 03:28:39 $1007.0]	INFO	Server is reloading all workers now
[2020-09-28 03:28:48 $1007.0]	INFO	Server is reloading all workers now
[2020-09-28 03:29:04 $1007.0]	INFO	Server is reloading all workers now
[2020-09-28 03:30:10 $1007.0]	INFO	Server is reloading all workers now
[2020-09-28 03:30:11 $1007.0]	INFO	Server is reloading all workers now
[2020-09-28 03:30:30 $1007.0]	INFO	Server is reloading all workers now
[2020-09-28 03:31:25 $1007.0]	INFO	Server is reloading all workers now
[2020-09-28 03:31:28 $1007.0]	INFO	Server is reloading all workers now
[2020-09-28 03:31:46 $1007.0]	INFO	Server is reloading all workers now
[2020-09-28 03:32:08 $1007.0]	INFO	Server is reloading all workers now
[2020-09-28 03:35:54 $1007.0]	INFO	Server is reloading all workers now
[2020-09-28 03:38:35 $1007.0]	INFO	Server is reloading all workers now
[2020-09-28 03:39:21 $1007.0]	INFO	Server is reloading all workers now
[2020-09-28 03:39:31 $1007.0]	INFO	Server is reloading all workers now
[2020-09-28 03:40:00 $1007.0]	INFO	Server is reloading all workers now
[2020-09-28 03:40:44 $1007.0]	INFO	Server is reloading all workers now
[2020-10-13 08:26:06 $93.0]	INFO	Server is reloading all workers now
[2020-10-13 08:26:34 $93.0]	INFO	Server is reloading all workers now
[2020-10-13 08:27:07 $93.0]	WARNING	swManager_check_exit_status: worker#12[pid=108] abnormal exit, status=255, signal=0
[2020-10-13 08:27:35 $93.0]	INFO	Server is reloading all workers now
[2020-10-13 08:28:19 $93.0]	WARNING	swManager_check_exit_status: worker#12[pid=132] abnormal exit, status=255, signal=0
[2020-10-13 08:30:15 $93.0]	INFO	Server is reloading all workers now
[2020-10-13 08:30:19 $93.0]	INFO	Server is reloading all workers now
[2020-10-13 08:31:44 $93.0]	INFO	Server is reloading all workers now
[2020-10-13 08:31:57 $93.0]	INFO	Server is reloading all workers now
